<!DOCTYPE html PUBLIC "-//W3C//DTD XHTML 1.1//EN" "https://www.w3.org/TR/xhtml11/DTD/xhtml11.dtd">
<html xmlns="https://www.w3.org/1999/xhtml">
<head>
<meta http-equiv="content-type" content="text/html; charset=UTF-8"/>
<title>TestNG Report</title>
<style type="text/css">table {margin-bottom:10px;border-collapse:collapse;empty-cells:show}th,td {border:1px solid #009;padding:.25em .5em}th {vertical-align:bottom}td {vertical-align:top}table a {font-weight:bold}.stripe td {background-color: #E6EBF9}.num {text-align:right}.passedodd td {background-color: #3F3}.passedeven td {background-color: #0A0}.skippedodd td {background-color: #DDD}.skippedeven td {background-color: #CCC}.failedodd td,.attn {background-color: #F33}.failedeven td,.stripe .attn {background-color: #D00}.stacktrace {white-space:pre;font-family:monospace}.totop {font-size:85%;text-align:center;border-bottom:2px solid #000}.invisible {display:none}</style>
</head>
<body>
<table>
<tr><th>Test</th><th># Passed</th><th># Skipped</th><th># Retried</th><th># Failed</th><th>Time (ms)</th><th>Included Groups</th><th>Excluded Groups</th></tr>
<tr><th colspan="8">Suite</th></tr>
<tr><td><a href="#t0">Test</a></td><td class="num">5</td><td class="num">0</td><td class="num">0</td><td class="num attn">1</td><td class="num">60,550</td><td></td><td></td></tr>
</table>
<table id='summary'><thead><tr><th>Class</th><th>Method</th><th>Start</th><th>Time (ms)</th></tr></thead><tbody><tr><th colspan="4">Suite</th></tr></tbody><tbody id="t0"><tr><th colspan="4">Test &#8212; failed</th></tr><tr class="failedeven"><td rowspan="1">testClasses.VerifyUserCanAddNewAddress</td><td><a href="#m0">addNewAddress</a></td><td rowspan="1">1665417208095</td><td rowspan="1">16183</td></tr><tr><th colspan="4">Test &#8212; passed</th></tr><tr class="passedeven"><td rowspan="2">testClasses.VerifyUserCanAddNewAddress</td><td><a href="#m1">addNewAddress</a></td><td rowspan="1">1665417206408</td><td rowspan="1">1683</td></tr><tr class="passedeven"><td><a href="#m2">verifyUserCanOpenProfilePage</a></td><td rowspan="1">1665417195807</td><td rowspan="1">10590</td></tr><tr class="passedodd"><td rowspan="2">testClasses.VerifyUserCanGetLowestPriceProduct</td><td><a href="#m3">VerifyUserCanGetLowestPriceProductFromEachPage</a></td><td rowspan="1">1665417186565</td><td rowspan="1">9163</td></tr><tr class="passedodd"><td><a href="#m4">VerifyUserCanSearchProduct</a></td><td rowspan="1">1665417181837</td><td rowspan="1">4720</td></tr><tr class="passedeven"><td rowspan="1">testClasses.VerifyUserCanLogin</td><td><a href="#m5">VerifyUserCanLogIn</a></td><td rowspan="1">1665417177443</td><td rowspan="1">3777</td></tr></tbody>
</table>
<h2>Test</h2><h3 id="m0">testClasses.VerifyUserCanAddNewAddress#addNewAddress</h3><table class="result"><tr class="param"><th>Parameter #1</th><th>Parameter #2</th><th>Parameter #3</th><th>Parameter #4</th><th>Parameter #5</th></tr><tr class="param stripe"><td>Sneha</td><td>7845124512</td><td>411023</td><td>Warje</td><td>A-32, B shivaji nagar, near english school</td></tr><tr><th colspan="5">Messages</th></tr><tr><td colspan="5"><div class="messages">Test started<br/>Test Failed</div></td></tr><tr><th colspan="5">Exception</th></tr><tr><td colspan="5"><div class="stacktrace">org.openqa.selenium.TimeoutException: Expected condition failed: waiting for visibility of [[ChromeDriver: chrome on WINDOWS (3e3b49820ce61862c5d1d626f4205bef)] -&gt; xpath: //div[@class=&apos;_1QhEVk&apos;]] (tried for 5 second(s) with 500 milliseconds interval)
	at org.openqa.selenium.support.ui.WebDriverWait.timeoutException(WebDriverWait.java:87)
	at org.openqa.selenium.support.ui.FluentWait.until(FluentWait.java:231)
	at pomClasses.ProfilePage.addNewAddress(ProfilePage.java:69)
	at testClasses.VerifyUserCanAddNewAddress.addNewAddress(VerifyUserCanAddNewAddress.java:88)
	at java.base/java.util.ArrayList.forEach(ArrayList.java:1511)
Caused by: org.openqa.selenium.NoSuchElementException: no such element: Unable to locate element: {&quot;method&quot;:&quot;xpath&quot;,&quot;selector&quot;:&quot;//div[@class=&apos;_1QhEVk&apos;]&quot;}
  (Session info: chrome=106.0.5249.103)
For documentation on this error, please visit: https://selenium.dev/exceptions/#no_such_element
Build info: version: &apos;4.4.0&apos;, revision: &apos;e5c75ed026a&apos;
System info: host: &apos;DESKTOP-4V2B5VI&apos;, ip: &apos;192.168.235.180&apos;, os.name: &apos;Windows 10&apos;, os.arch: &apos;amd64&apos;, os.version: &apos;10.0&apos;, java.version: &apos;17.0.4&apos;
Driver info: org.openqa.selenium.chrome.ChromeDriver
Command: [3e3b49820ce61862c5d1d626f4205bef, findElement {using=xpath, value=//div[@class=&apos;_1QhEVk&apos;]}]
Capabilities {acceptInsecureCerts: false, browserName: chrome, browserVersion: 106.0.5249.103, chrome: {chromedriverVersion: 106.0.5249.61 (511755355844..., userDataDir: C:\Users\aksha\AppData\Loca...}, goog:chromeOptions: {debuggerAddress: localhost:56919}, networkConnectionEnabled: false, pageLoadStrategy: normal, platformName: WINDOWS, proxy: Proxy(), se:cdp: ws://localhost:56919/devtoo..., se:cdpVersion: 106.0.5249.103, setWindowRect: true, strictFileInteractability: false, timeouts: {implicit: 0, pageLoad: 300000, script: 30000}, unhandledPromptBehavior: dismiss and notify, webauthn:extension:credBlob: true, webauthn:extension:largeBlob: true, webauthn:virtualAuthenticators: true}
Session ID: 3e3b49820ce61862c5d1d626f4205bef
	at org.openqa.selenium.remote.codec.w3c.W3CHttpResponseCodec.createException(W3CHttpResponseCodec.java:200)
	at org.openqa.selenium.remote.codec.w3c.W3CHttpResponseCodec.decode(W3CHttpResponseCodec.java:133)
	at org.openqa.selenium.remote.codec.w3c.W3CHttpResponseCodec.decode(W3CHttpResponseCodec.java:53)
	at org.openqa.selenium.remote.HttpCommandExecutor.execute(HttpCommandExecutor.java:184)
	at org.openqa.selenium.remote.service.DriverCommandExecutor.invokeExecute(DriverCommandExecutor.java:167)
	at org.openqa.selenium.remote.service.DriverCommandExecutor.execute(DriverCommandExecutor.java:142)
	at org.openqa.selenium.remote.RemoteWebDriver.execute(RemoteWebDriver.java:547)
	at org.openqa.selenium.remote.ElementLocation$ElementFinder$2.findElement(ElementLocation.java:162)
	at org.openqa.selenium.remote.ElementLocation.findElement(ElementLocation.java:60)
	at org.openqa.selenium.remote.RemoteWebDriver.findElement(RemoteWebDriver.java:365)
	at org.openqa.selenium.remote.RemoteWebDriver.findElement(RemoteWebDriver.java:357)
	at org.openqa.selenium.support.pagefactory.DefaultElementLocator.findElement(DefaultElementLocator.java:70)
	at org.openqa.selenium.support.pagefactory.internal.LocatingElementHandler.invoke(LocatingElementHandler.java:39)
	at jdk.proxy2/jdk.proxy2.$Proxy20.isDisplayed(Unknown Source)
	at org.openqa.selenium.support.ui.ExpectedConditions.elementIfVisible(ExpectedConditions.java:307)
	at org.openqa.selenium.support.ui.ExpectedConditions.access$000(ExpectedConditions.java:40)
	at org.openqa.selenium.support.ui.ExpectedConditions$10.apply(ExpectedConditions.java:293)
	at org.openqa.selenium.support.ui.ExpectedConditions$10.apply(ExpectedConditions.java:290)
	at org.openqa.selenium.support.ui.FluentWait.until(FluentWait.java:208)
	... 30 more
... Removed 32 stack frames</div></td></tr></table><p class="totop"><a href="#summary">back to summary</a></p>
<h3 id="m1">testClasses.VerifyUserCanAddNewAddress#addNewAddress</h3><table class="result"><tr class="param"><th>Parameter #1</th><th>Parameter #2</th><th>Parameter #3</th><th>Parameter #4</th><th>Parameter #5</th></tr><tr class="param stripe"><td>Akshay</td><td>8956235623</td><td>413512</td><td>Nanded Road</td><td>B-22, A pune</td></tr><tr><th colspan="5">Messages</th></tr><tr><td colspan="5"><div class="messages">Test started<br/>Test Passed</div></td></tr></table><p class="totop"><a href="#summary">back to summary</a></p>
<h3 id="m2">testClasses.VerifyUserCanAddNewAddress#verifyUserCanOpenProfilePage</h3><table class="result"><tr><th>Messages</th></tr><tr><td><div class="messages">Test started<br/>Test Passed</div></td></tr></table><p class="totop"><a href="#summary">back to summary</a></p>
<h3 id="m3">testClasses.VerifyUserCanGetLowestPriceProduct#VerifyUserCanGetLowestPriceProductFromEachPage</h3><table class="result"><tr><th>Messages</th></tr><tr><td><div class="messages">Test started<br/>Test Passed</div></td></tr></table><p class="totop"><a href="#summary">back to summary</a></p>
<h3 id="m4">testClasses.VerifyUserCanGetLowestPriceProduct#VerifyUserCanSearchProduct</h3><table class="result"><tr><th>Messages</th></tr><tr><td><div class="messages">Test started<br/>Test Passed</div></td></tr></table><p class="totop"><a href="#summary">back to summary</a></p>
<h3 id="m5">testClasses.VerifyUserCanLogin#VerifyUserCanLogIn</h3><table class="result"><tr><th>Messages</th></tr><tr><td><div class="messages">Test started<br/>Enterd Emil ID<br/>Enterd Password<br/>Test Passed</div></td></tr></table><p class="totop"><a href="#summary">back to summary</a></p>
</body>
</html>
